build/app/outputs/mapping/release/seeds.txt
com.example.flutterfirebasepush.MainActivity: MainActivity()
com.example.flutterfirebasepush.MainActivity
...
com.google.android.gms.measurement.internal.AppMeasurementDynamiteService: void onActivityPaused(com.google.android.gms.dynamic.IObjectWrapper,long)
com.google.android.gms.internal.measurement.zzcd$zzk: int zzc
com.google.android.gms.internal.measurement.zzca$zzb: int zzc
com.google.android.gms.common.util.DynamiteApi
com.google.firebase.iid.Registrar: com.google.firebase.iid.internal.FirebaseInstanceIdInternal lambda$getComponents$1$Registrar(com.google.firebase.components.ComponentContainer)
com.google.android.datatransport.Priority: com.google.android.datatransport.Priority[] values()
com.google.android.gms.measurement.AppMeasurement: void clearConditionalUserProperty(java.lang.String,java.lang.String,android.os.Bundle)
androidx.lifecycle.Lifecycle$State: androidx.lifecycle.Lifecycle$State[] values()
com.google.android.gms.measurement.internal.AppMeasurementDynamiteService: void getConditionalUserProperties(java.lang.String,java.lang.String,com.google.android.gms.internal.measurement.zzw)
com.google.android.gms.measurement.internal.zzw: android.os.Parcelable$Creator CREATOR
io.flutter.embedding.engine.mutatorsstack.FlutterMutatorsStack: java.util.List getMutators()
io.flutter.embedding.android.RenderMode: io.flutter.embedding.android.RenderMode[] values()
io.flutter.view.AccessibilityViewEmbedder: java.lang.String TAG
io.flutter.embedding.engine.FlutterJNI: void nativeUnregisterTexture(long,long)
com.google.android.gms.internal.measurement.zzcd$zzd: int zzc
com.google.android.gms.internal.measurement.zzbv$zzf: int zzc
com.google.android.gms.internal.measurement.zzcd$zzg: long zzz
io.flutter.embedding.engine.FlutterJNI: boolean nativeFlutterTextUtilsIsEmojiModifier(int)
io.flutter.embedding.engine.FlutterJNI: void onFirstFrame()
com.google.android.gms.internal.measurement.zzcd$zzg: int zzag
com.google.firebase.heartbeatinfo.HeartBeatInfo$HeartBeat: com.google.firebase.heartbeatinfo.HeartBeatInfo$HeartBeat[] values()
com.google.android.gms.cloudmessaging.zza: android.os.Parcelable$Creator CREATOR
com.google.firebase.analytics.FirebaseAnalytics: void setCurrentScreen(android.app.Activity,java.lang.String,java.lang.String)
com.google.android.gms.internal.measurement.zzca$zzb: boolean zzk
io.flutter.embedding.android.FlutterActivityLaunchConfigs$BackgroundMode: io.flutter.embedding.android.FlutterActivityLaunchConfigs$BackgroundMode[] values()
io.flutter.embedding.engine.FlutterJNI: void setRefreshRateFPS(float)
io.flutter.embedding.engine.FlutterJNI: void nativeDispatchSemanticsAction(long,int,int,java.nio.ByteBuffer,int)
com.google.android.gms.measurement.AppMeasurement: void clearConditionalUserPropertyAs(java.lang.String,java.lang.String,java.lang.String,android.os.Bundle)
com.google.android.gms.measurement.internal.AppMeasurementDynamiteService: void setInstanceIdProvider(com.google.android.gms.internal.measurement.zzac)
com.google.android.gms.internal.measurement.zzbv$zzc: int zzc
com.google.android.gms.internal.measurement.zzbv$zzd: int zzd
io.flutter.view.AccessibilityViewEmbedder
com.google.android.gms.measurement.internal.AppMeasurementDynamiteService: void getAppInstanceId(com.google.android.gms.internal.measurement.zzw)
io.flutter.plugin.editing.ImeSyncDeferringInsetsCallback$AnimationCallback: android.view.WindowInsets onProgress(android.view.WindowInsets,java.util.List)
com.google.android.gms.internal.measurement.zzcd$zzg: com.google.android.gms.internal.measurement.zzig zzar
com.google.android.gms.internal.measurement.zzcd$zze: com.google.android.gms.internal.measurement.zzju zzk
androidx.savedstate.SavedStateRegistry$1
io.flutter.embedding.engine.systemchannels.TextInputChannel$TextCapitalization: io.flutter.embedding.engine.systemchannels.TextInputChannel$TextCapitalization[] values()
com.google.android.gms.internal.measurement.zzcd$zzg: java.lang.String zzac
io.flutter.plugins.firebase.core.FlutterFirebasePlugin
com.google.android.gms.internal.measurement.zzcd$zzc: int zzh