build/app/outputs/mapping/release/usage.txt
com.example.flutterfirebasepush.R$drawable
com.example.flutterfirebasepush.R$style
com.example.flutterfirebasepush.R
com.example.flutterfirebasepush.R$attr
com.example.flutterfirebasepush.R$styleable
com.example.flutterfirebasepush.R$layout
com.example.flutterfirebasepush.R$dimen
com.example.flutterfirebasepush.R$string
com.example.flutterfirebasepush.BuildConfig
com.example.flutterfirebasepush.R$id
com.example.flutterfirebasepush.R$color
com.example.flutterfirebasepush.R$mipmap
com.example.flutterfirebasepush.R$integer
...
com.google.android.gms.common.internal.service.zai
kotlin.ULongKt
com.google.firebase.messaging.Constants:
    private void <init>()
    public static final java.lang.String TAG
    public static final java.lang.String FCM_WAKE_LOCK
    public static final java.lang.String IPC_BUNDLE_KEY_SEND_ERROR
kotlin.jvm.internal.ArrayFloatIterator
kotlin.jvm.internal.Lambda
io.flutter.embedding.engine.dart.DartMessenger:
    public void send(java.lang.String,java.nio.ByteBuffer)
    public int getPendingChannelResponseCount()
    private static final java.lang.String TAG
androidx.loader.R$string
com.google.android.gms.internal.measurement.zzjl:
    private final void zza(java.lang.Object,int,com.google.android.gms.internal.measurement.zzka)
    private static boolean zzf(int)
    public final void zza(java.lang.Object,com.google.android.gms.internal.measurement.zzka,com.google.android.gms.internal.measurement.zzhm)
androidx.core.os.LocaleListCompat
androidx.core.view.ViewCompat$UnhandledKeyEventManager:
    static void registerListeningView(android.view.View)
    static void unregisterListeningView(android.view.View)
kotlin.contracts.ReturnsNotNull
com.google.android.gms.common.api.GoogleApi$Settings
androidx.core.provider.FontsContractCompat$4$9
io.flutter.plugins.firebasemessaging.R$style
com.google.android.gms.common.api.internal.zaag
com.google.android.gms.security.ProviderInstaller
com.google.android.datatransport.runtime.backends.MetadataBackendRegistry:
    private static final java.lang.String TAG
    private static final java.lang.String BACKEND_KEY_PREFIX
androidx.annotation.AnyRes
com.google.android.gms.common.api.internal.BaseImplementation
kotlin.coroutines.experimental.intrinsics.IntrinsicsKt__IntrinsicsKt
kotlin.coroutines.intrinsics.IntrinsicsKt__IntrinsicsJvmKt$createCoroutineUnintercepted$$inlined$createCoroutineFromSuspendFunction$IntrinsicsKt__IntrinsicsJvmKt$4
android.support.v4.app.INotificationSideChannel$Stub
androidx.core.app.JobIntentService$JobServiceEngineImpl
kotlin.jvm.internal.Ref$ByteRef
com.google.android.gms.common.api.internal.zace:
    public final com.google.android.gms.signin.zad zabq()
androidx.core.app.BundleCompat
kotlin.text.StringsKt__StringBuilderKt
androidx.loader.content.CursorLoader
androidx.core.app.NavUtils
androidx.core.graphics.ColorUtils
com.google.android.gms.common.api.internal.zak:
    public void <init>(java.lang.Iterable)
    public final com.google.android.gms.tasks.Task getTask()
io.flutter.view.FlutterView$1
androidx.core.content.res.ResourcesCompat
com.google.android.gms.internal.measurement.zzhf:
    private final int zzv()
    private final long zzw()
    private final int zzx()
    private final long zzy()
    private final byte zzaa()
    private final void zzf(int)
    public final int zza()
    public final void zza(int)
    public final boolean zzb(int)
    public final double zzb()
    public final float zzc()
    public final long zzd()
    public final long zze()
    public final int zzf()
    public final long zzg()
    public final int zzh()
    public final boolean zzi()
    public final java.lang.String zzj()
    public final java.lang.String zzk()
    public final com.google.android.gms.internal.measurement.zzgr zzl()
    public final int zzm()
    public final int zzn()
    public final int zzo()
    public final long zzp()
    public final int zzq()
    public final long zzr()
    final long zzs()
    public final void zzd(int)
    public final boolean zzt()
    private int zzj
org.jetbrains.annotations.Contract
androidx.core.view.ViewCompat$3
androidx.arch.core.executor.TaskExecutor:
    public void executeOnMainThread(java.lang.Runnable)
androidx.core.net.DatagramSocketWrapper$DatagramSocketImplWrapper
androidx.core.graphics.PathSegment
kotlin.UnsignedKt